<?xml version="1.0" encoding="UTF-8"?>
<!-- Generated by org.testng.reporters.JUnitReportReporter -->
<testsuite skipped="2" hostname="ZA-LTP57" name="tests.TC002_DeleteLead" tests="2" failures="0" timestamp="12 Jul 2019 13:45:36 GMT" time="0.000" errors="0">
  <testcase name="findLeadTest" time="0.000" classname="tests.TC002_DeleteLead">
    <skipped/>
  </testcase> <!-- findLeadTest -->
  <testcase name="deleteLeadTest" time="0.000" classname="tests.TC002_DeleteLead">
    <skipped/>
  </testcase> <!-- deleteLeadTest -->
</testsuite> <!-- tests.TC002_DeleteLead -->
