<?xml version="1.0" encoding="UTF-8"?>
<!-- Generated by org.testng.reporters.JUnitReportReporter -->
<testsuite skipped="0" hostname="ZA-LTP57" name="tests.TC001_CreateLead" tests="2" failures="0" timestamp="14 Jul 2019 12:14:19 GMT" time="48.932" errors="0">
  <testcase name="createLeadTest" time="17.166" classname="tests.TC001_CreateLead"/>
  <testcase name="createLeadTest" time="31.766" classname="tests.TC001_CreateLead"/>
</testsuite> <!-- tests.TC001_CreateLead -->
