<?xml version="1.0" encoding="UTF-8"?>
<!-- Generated by org.testng.reporters.JUnitReportReporter -->
<testsuite skipped="0" hostname="ZA-LTP57" name="tests.TC001_CreateLead" tests="2" failures="0" timestamp="14 Jul 2019 12:28:34 GMT" time="39.912" errors="0">
  <testcase name="createLeadTest" time="21.802" classname="tests.TC001_CreateLead"/>
  <testcase name="createLeadTest" time="18.110" classname="tests.TC001_CreateLead"/>
</testsuite> <!-- tests.TC001_CreateLead -->
